2024-08-01T12:17:50.446Z [info]: Server running on http://localhost:5000
2024-08-01T12:19:45.838Z [info]: Server running on http://localhost:5000
2024-08-01T14:28:59.192Z [info]: Server running on http://localhost:5000
2024-08-01T14:37:59.646Z [info]: Creating transport...
2024-08-01T14:37:59.660Z [info]: Transport created successfully
2024-08-01T14:37:59.660Z [info]: Rendering email template...
2024-08-01T14:37:59.665Z [info]: Email template rendered successfully
2024-08-01T14:37:59.665Z [info]: Sending email to:
2024-08-01T14:38:00.783Z [error]: Error sending email:
2024-08-01T14:38:00.783Z [info]: Retrying to send email... Attempts left: 3
2024-08-01T14:38:00.784Z [info]: Creating transport...
2024-08-01T14:38:00.784Z [info]: Transport created successfully
2024-08-01T14:38:00.785Z [info]: Rendering email template...
2024-08-01T14:38:00.785Z [info]: Email template rendered successfully
2024-08-01T14:38:00.786Z [info]: Sending email to:
2024-08-01T14:38:01.699Z [error]: Error sending email:
2024-08-01T14:38:01.700Z [info]: Retrying to send email... Attempts left: 2
2024-08-01T14:38:01.700Z [info]: Creating transport...
2024-08-01T14:38:01.700Z [info]: Transport created successfully
2024-08-01T14:38:01.700Z [info]: Rendering email template...
2024-08-01T14:38:01.701Z [info]: Email template rendered successfully
2024-08-01T14:38:01.701Z [info]: Sending email to:
2024-08-01T14:38:02.521Z [error]: Error sending email:
2024-08-01T14:38:02.522Z [info]: Retrying to send email... Attempts left: 1
2024-08-01T14:38:02.522Z [info]: Creating transport...
2024-08-01T14:38:02.522Z [info]: Transport created successfully
2024-08-01T14:38:02.523Z [info]: Rendering email template...
2024-08-01T14:38:02.523Z [info]: Email template rendered successfully
2024-08-01T14:38:02.523Z [info]: Sending email to:
2024-08-01T14:38:03.339Z [error]: Error sending email:
2024-08-01T14:38:03.339Z [error]: Failed to send email after multiple attempts.
2024-08-01T14:40:48.072Z [info]: Creating transport...
2024-08-01T14:40:48.072Z [info]: Transport created successfully
2024-08-01T14:40:48.072Z [info]: Rendering email template...
2024-08-01T14:40:48.074Z [info]: Email template rendered successfully
2024-08-01T14:40:48.074Z [info]: Sending email to:
2024-08-01T14:40:48.988Z [error]: Error sending email:
2024-08-01T14:40:48.988Z [info]: Retrying to send email... Attempts left: 3
2024-08-01T14:40:48.988Z [info]: Creating transport...
2024-08-01T14:40:48.989Z [info]: Transport created successfully
2024-08-01T14:40:48.989Z [info]: Rendering email template...
2024-08-01T14:40:48.989Z [info]: Email template rendered successfully
2024-08-01T14:40:48.990Z [info]: Sending email to:
2024-08-01T14:40:49.943Z [error]: Error sending email:
2024-08-01T14:40:49.943Z [info]: Retrying to send email... Attempts left: 2
2024-08-01T14:40:49.943Z [info]: Creating transport...
2024-08-01T14:40:49.944Z [info]: Transport created successfully
2024-08-01T14:40:49.944Z [info]: Rendering email template...
2024-08-01T14:40:49.944Z [info]: Email template rendered successfully
2024-08-01T14:40:49.944Z [info]: Sending email to:
2024-08-01T14:40:50.967Z [error]: Error sending email:
2024-08-01T14:40:50.967Z [info]: Retrying to send email... Attempts left: 1
2024-08-01T14:40:50.968Z [info]: Creating transport...
2024-08-01T14:40:50.968Z [info]: Transport created successfully
2024-08-01T14:40:50.969Z [info]: Rendering email template...
2024-08-01T14:40:50.969Z [info]: Email template rendered successfully
2024-08-01T14:40:50.970Z [info]: Sending email to:
2024-08-01T14:40:51.793Z [error]: Error sending email:
2024-08-01T14:40:51.793Z [error]: Failed to send email after multiple attempts.
2024-08-01T15:02:07.591Z [info]: Creating transport...
2024-08-01T15:02:07.592Z [info]: Transport created successfully
2024-08-01T15:02:07.592Z [info]: Rendering email template...
2024-08-01T15:02:07.594Z [info]: Email template rendered successfully
2024-08-01T15:02:07.594Z [info]: Sending email to:
2024-08-01T15:02:08.572Z [error]: Error sending email:
2024-08-01T15:02:08.572Z [info]: Retrying to send email... Attempts left: 3
2024-08-01T15:02:08.572Z [info]: Creating transport...
2024-08-01T15:02:08.573Z [info]: Transport created successfully
2024-08-01T15:02:08.573Z [info]: Rendering email template...
2024-08-01T15:02:08.573Z [info]: Email template rendered successfully
2024-08-01T15:02:08.574Z [info]: Sending email to:
2024-08-01T15:02:09.566Z [error]: Error sending email:
2024-08-01T15:02:09.566Z [info]: Retrying to send email... Attempts left: 2
2024-08-01T15:02:09.567Z [info]: Creating transport...
2024-08-01T15:02:09.567Z [info]: Transport created successfully
2024-08-01T15:02:09.567Z [info]: Rendering email template...
2024-08-01T15:02:09.568Z [info]: Email template rendered successfully
2024-08-01T15:02:09.568Z [info]: Sending email to:
2024-08-01T15:02:10.590Z [error]: Error sending email:
2024-08-01T15:02:10.590Z [info]: Retrying to send email... Attempts left: 1
2024-08-01T15:02:10.590Z [info]: Creating transport...
2024-08-01T15:02:10.591Z [info]: Transport created successfully
2024-08-01T15:02:10.591Z [info]: Rendering email template...
2024-08-01T15:02:10.591Z [info]: Email template rendered successfully
2024-08-01T15:02:10.591Z [info]: Sending email to:
2024-08-01T15:02:11.718Z [error]: Error sending email:
2024-08-01T15:02:11.718Z [error]: Failed to send email after multiple attempts.
2024-08-01T15:24:47.030Z [info]: Creating transport...
2024-08-01T15:24:47.033Z [info]: Transport created successfully
2024-08-01T15:24:47.034Z [info]: Rendering email template...
2024-08-01T15:24:47.037Z [info]: Email template rendered successfully
2024-08-01T15:24:47.038Z [info]: Sending email to:
2024-08-01T15:24:48.006Z [error]: Error sending email:
2024-08-01T15:24:48.006Z [info]: Retrying to send email... Attempts left: 3
2024-08-01T15:24:48.006Z [info]: Creating transport...
2024-08-01T15:24:48.007Z [info]: Transport created successfully
2024-08-01T15:24:48.007Z [info]: Rendering email template...
2024-08-01T15:24:48.008Z [info]: Email template rendered successfully
2024-08-01T15:24:48.008Z [info]: Sending email to:
2024-08-01T15:24:48.926Z [error]: Error sending email:
2024-08-01T15:24:48.927Z [info]: Retrying to send email... Attempts left: 2
2024-08-01T15:24:48.927Z [info]: Creating transport...
2024-08-01T15:24:48.927Z [info]: Transport created successfully
2024-08-01T15:24:48.927Z [info]: Rendering email template...
2024-08-01T15:24:48.928Z [info]: Email template rendered successfully
2024-08-01T15:24:48.928Z [info]: Sending email to:
2024-08-01T15:24:50.053Z [error]: Error sending email:
2024-08-01T15:24:50.053Z [info]: Retrying to send email... Attempts left: 1
2024-08-01T15:24:50.053Z [info]: Creating transport...
2024-08-01T15:24:50.054Z [info]: Transport created successfully
2024-08-01T15:24:50.054Z [info]: Rendering email template...
2024-08-01T15:24:50.055Z [info]: Email template rendered successfully
2024-08-01T15:24:50.056Z [info]: Sending email to:
2024-08-01T15:24:50.974Z [error]: Error sending email:
2024-08-01T15:24:50.975Z [error]: Failed to send email after multiple attempts.
2024-08-01T15:26:33.523Z [info]: Creating transport...
2024-08-01T15:26:33.524Z [info]: Transport created successfully
2024-08-01T15:26:33.524Z [info]: Rendering email template...
2024-08-01T15:26:33.525Z [info]: Email template rendered successfully
2024-08-01T15:26:33.525Z [info]: Sending email to:
2024-08-01T15:26:35.423Z [error]: Error sending email:
2024-08-01T15:26:35.423Z [info]: Retrying to send email... Attempts left: 3
2024-08-01T15:26:35.424Z [info]: Creating transport...
2024-08-01T15:26:35.424Z [info]: Transport created successfully
2024-08-01T15:26:35.424Z [info]: Rendering email template...
2024-08-01T15:26:35.425Z [info]: Email template rendered successfully
2024-08-01T15:26:35.425Z [info]: Sending email to:
2024-08-01T15:26:36.448Z [error]: Error sending email:
2024-08-01T15:26:36.448Z [info]: Retrying to send email... Attempts left: 2
2024-08-01T15:26:36.449Z [info]: Creating transport...
2024-08-01T15:26:36.449Z [info]: Transport created successfully
2024-08-01T15:26:36.449Z [info]: Rendering email template...
2024-08-01T15:26:36.449Z [info]: Email template rendered successfully
2024-08-01T15:26:36.449Z [info]: Sending email to:
2024-08-01T15:26:37.473Z [error]: Error sending email:
2024-08-01T15:26:37.473Z [info]: Retrying to send email... Attempts left: 1
2024-08-01T15:26:37.473Z [info]: Creating transport...
2024-08-01T15:26:37.473Z [info]: Transport created successfully
2024-08-01T15:26:37.473Z [info]: Rendering email template...
2024-08-01T15:26:37.474Z [info]: Email template rendered successfully
2024-08-01T15:26:37.474Z [info]: Sending email to:
2024-08-01T15:26:38.401Z [error]: Error sending email:
2024-08-01T15:26:38.401Z [error]: Failed to send email after multiple attempts.
2024-08-01T15:29:28.413Z [info]: Creating transport...
2024-08-01T15:29:28.414Z [info]: Transport created successfully
2024-08-01T15:29:28.414Z [info]: Rendering email template...
2024-08-01T15:29:28.414Z [info]: Email template rendered successfully
2024-08-01T15:29:28.415Z [info]: Sending email to:
2024-08-01T15:29:29.357Z [error]: Error sending email:
2024-08-01T15:29:29.358Z [info]: Retrying to send email... Attempts left: 3
2024-08-01T15:29:29.358Z [info]: Creating transport...
2024-08-01T15:29:29.358Z [info]: Transport created successfully
2024-08-01T15:29:29.359Z [info]: Rendering email template...
2024-08-01T15:29:29.359Z [info]: Email template rendered successfully
2024-08-01T15:29:29.359Z [info]: Sending email to:
2024-08-01T15:29:30.279Z [error]: Error sending email:
2024-08-01T15:29:30.279Z [info]: Retrying to send email... Attempts left: 2
2024-08-01T15:29:30.279Z [info]: Creating transport...
2024-08-01T15:29:30.280Z [info]: Transport created successfully
2024-08-01T15:29:30.280Z [info]: Rendering email template...
2024-08-01T15:29:30.280Z [info]: Email template rendered successfully
2024-08-01T15:29:30.280Z [info]: Sending email to:
2024-08-01T15:29:31.244Z [error]: Error sending email:
2024-08-01T15:29:31.245Z [info]: Retrying to send email... Attempts left: 1
2024-08-01T15:29:31.245Z [info]: Creating transport...
2024-08-01T15:29:31.246Z [info]: Transport created successfully
2024-08-01T15:29:31.246Z [info]: Rendering email template...
2024-08-01T15:29:31.246Z [info]: Email template rendered successfully
2024-08-01T15:29:31.246Z [info]: Sending email to:
2024-08-01T15:29:32.576Z [error]: Error sending email:
2024-08-01T15:29:32.577Z [error]: Failed to send email after multiple attempts.
